<?xml version="1.0" encoding="UTF-8"?>
<!-- Generated by org.testng.reporters.JUnitReportReporter -->
<testsuite hostname="N9RBP633" failures="0" tests="3" name="DynamicJson" time="5.682" errors="0" timestamp="20 Aug 2020 16:03:01 GMT" skipped="0">
  <testcase classname="DynamicJson" name="addBook" time="0.473"/>
  <testcase classname="DynamicJson" name="addBook" time="0.509"/>
  <testcase classname="DynamicJson" name="addBook" time="4.700"/>
</testsuite> <!-- DynamicJson -->
