<?xml version="1.0" encoding="UTF-8"?>
<!-- Generated by org.testng.reporters.JUnitReportReporter -->
<testsuite hostname="N9RBP633" failures="0" tests="1" name="SumValidation" time="1.247" errors="0" timestamp="20 Aug 2020 09:24:28 GMT" skipped="0">
  <testcase classname="SumValidation" name="sumValidation" time="1.247"/>
</testsuite> <!-- SumValidation -->
